[2023-09-19 05:20:25] merlin-logger.DEBUG: The welcome step has been displayed [] []
[2023-09-19 05:20:36] merlin-logger.DEBUG: The license activation step has been displayed [] []
[2023-09-19 05:20:36] merlin-logger.DEBUG: The plugin installation step has been displayed [] []
[2023-09-19 05:20:54] merlin-logger.DEBUG: A plugin with the following data will be processed {"plugin_slug":"hub-core","message":"Installing"} []
[2023-09-19 05:20:59] merlin-logger.DEBUG: A plugin with the following data will be processed {"plugin_slug":"hub-core","message":"Activating"} []
[2023-09-19 05:20:59] merlin-logger.DEBUG: A plugin with the following data was processed {"plugin_slug":"hub-core"} []
[2023-09-19 05:20:59] merlin-logger.DEBUG: A plugin with the following data will be processed {"plugin_slug":"hub-portfolio","message":"Installing"} []
[2023-09-19 05:21:00] merlin-logger.DEBUG: A plugin with the following data will be processed {"plugin_slug":"hub-portfolio","message":"Activating"} []
[2023-09-19 05:21:00] merlin-logger.DEBUG: A plugin with the following data was processed {"plugin_slug":"hub-portfolio"} []
[2023-09-19 05:21:01] merlin-logger.DEBUG: A plugin with the following data will be processed {"plugin_slug":"elementor","message":"Installing"} []
[2023-09-19 05:21:17] merlin-logger.DEBUG: A plugin with the following data will be processed {"plugin_slug":"elementor","message":"Activating"} []
[2023-09-19 05:21:31] merlin-logger.DEBUG: A plugin with the following data was processed {"plugin_slug":"elementor"} []
[2023-09-19 05:21:32] merlin-logger.DEBUG: A plugin with the following data will be processed {"plugin_slug":"hub-elementor-addons","message":"Installing"} []
[2023-09-19 05:21:41] merlin-logger.DEBUG: A plugin with the following data will be processed {"plugin_slug":"hub-elementor-addons","message":"Activating"} []
[2023-09-19 05:21:41] merlin-logger.DEBUG: A plugin with the following data was processed {"plugin_slug":"hub-elementor-addons"} []
[2023-09-19 05:21:41] merlin-logger.DEBUG: A plugin with the following data will be processed {"plugin_slug":"liquid-gdpr","message":"Installing"} []
[2023-09-19 05:21:43] merlin-logger.DEBUG: A plugin with the following data will be processed {"plugin_slug":"liquid-gdpr","message":"Activating"} []
[2023-09-19 05:21:43] merlin-logger.DEBUG: A plugin with the following data was processed {"plugin_slug":"liquid-gdpr"} []
[2023-09-19 05:21:43] merlin-logger.DEBUG: A plugin with the following data will be processed {"plugin_slug":"revslider","message":"Installing"} []
[2023-09-19 05:21:48] merlin-logger.DEBUG: A plugin with the following data will be processed {"plugin_slug":"revslider","message":"Activating"} []
[2023-09-19 05:21:52] merlin-logger.DEBUG: A plugin with the following data was processed {"plugin_slug":"revslider"} []
[2023-09-19 05:21:53] merlin-logger.DEBUG: A plugin with the following data was processed {"plugin_slug":"revslider"} []
[2023-09-19 05:21:53] merlin-logger.DEBUG: A plugin with the following data will be processed {"plugin_slug":"contact-form-7","message":"Installing"} []
[2023-09-19 05:21:59] merlin-logger.DEBUG: A plugin with the following data will be processed {"plugin_slug":"contact-form-7","message":"Activating"} []
[2023-09-19 05:22:00] merlin-logger.DEBUG: A plugin with the following data was processed {"plugin_slug":"contact-form-7"} []
[2023-09-19 05:22:01] merlin-logger.DEBUG: A plugin with the following data will be processed {"plugin_slug":"wp-bottom-menu","message":"Installing"} []
[2023-09-19 05:22:05] merlin-logger.DEBUG: A plugin with the following data will be processed {"plugin_slug":"wp-bottom-menu","message":"Activating"} []
[2023-09-19 05:22:06] merlin-logger.DEBUG: A plugin with the following data was processed {"plugin_slug":"wp-bottom-menu"} []
[2023-09-19 05:22:09] merlin-logger.DEBUG: The content import step has been displayed [] []
[2023-09-19 05:26:43] merlin-logger.DEBUG: The Hello world post status was set to draft [] []
[2023-09-19 05:26:46] merlin-logger.DEBUG: The Hello world post status was set to draft [] []
[2023-09-19 05:27:38] merlin-logger.DEBUG: The final step has been displayed [] []
[2023-09-19 05:30:48] merlin-logger.DEBUG: The welcome step has been displayed [] []
[2023-09-20 06:46:52] merlin-logger.DEBUG: A plugin with the following data will be processed {"plugin_slug":"hub-core","message":"Updating"} []
[2023-09-20 06:46:58] merlin-logger.DEBUG: A plugin with the following data was processed {"plugin_slug":"hub-core"} []
[2023-09-20 06:46:58] merlin-logger.DEBUG: A plugin with the following data will be processed {"plugin_slug":"hub-elementor-addons","message":"Updating"} []
[2023-09-20 06:47:04] merlin-logger.DEBUG: A plugin with the following data was processed {"plugin_slug":"hub-elementor-addons"} []
[2023-09-27 05:28:23] merlin-logger.DEBUG: The welcome step has been displayed [] []
[2023-09-27 05:28:39] merlin-logger.DEBUG: The license activation step has been displayed [] []
[2023-09-27 05:28:39] merlin-logger.DEBUG: The plugin installation step has been displayed [] []
[2023-09-27 05:28:47] merlin-logger.DEBUG: The content import step has been displayed [] []
[2023-09-27 05:29:19] merlin-logger.DEBUG: The Hello world post status was set to draft [] []
[2023-09-27 05:29:20] merlin-logger.DEBUG: The Hello world post status was set to draft [] []
[2023-09-27 05:29:23] merlin-logger.DEBUG: The final step has been displayed [] []
[2023-09-27 05:32:02] merlin-logger.DEBUG: The content import step has been displayed [] []
[2023-09-27 05:32:04] merlin-logger.DEBUG: The plugin installation step has been displayed [] []
